<?xml version="1.0" encoding="UTF-8"?>
<!-- Generated by org.testng.reporters.JUnitXMLReporter -->
<testsuite ignored="0" hostname="LAPTOP-N163F0Q3" failures="0" tests="3" name="Default test" time="7.616" errors="0" timestamp="2024-12-12T22:31:22 IST">
  <testcase classname="com.project.testcases.TC_01" name="VerifyLogin" time="0.95"/>
  <testcase classname="com.project.testcases.TC_01" name="VerifyLogin" time="0.706"/>
  <testcase classname="com.project.testcases.TC_01" name="VerifyLogin" time="0.621"/>
</testsuite> <!-- Default test -->
