<?xml version="1.0" encoding="UTF-8"?>
<!-- Generated by org.testng.reporters.JUnitXMLReporter -->
<testsuite ignored="0" hostname="LAPTOP-N163F0Q3" failures="0" tests="3" name="Test" time="25.709" errors="0" timestamp="2024-12-12T22:05:12 IST">
  <testcase classname="com.project.testcases.TC_01" name="VerifyLogin" time="4.543"/>
  <testcase classname="com.project.testcases.TC_01" name="VerifyLogin" time="4.045"/>
  <testcase classname="com.project.testcases.TC_01" name="VerifyLogin" time="5.549"/>
</testsuite> <!-- Test -->
