<?xml version="1.0" encoding="UTF-8"?>
<testng-results ignored="0" total="3" passed="3" failed="0" skipped="0">
  <reporter-output>
  </reporter-output>
  <suite started-at="2024-12-12T22:31:14 IST" name="Default suite" finished-at="2024-12-12T22:31:22 IST" duration-ms="7616">
    <groups>
    </groups>
    <test started-at="2024-12-12T22:31:14 IST" name="Default test" finished-at="2024-12-12T22:31:22 IST" duration-ms="7616">
      <class name="com.project.testcases.TC_01">
        <test-method is-config="true" signature="setup()[pri:0, instance:com.project.testcases.TC_01@650eab8]" started-at="2024-12-12T22:31:14 IST" name="setup" finished-at="2024-12-12T22:31:19 IST" duration-ms="4163" status="PASS">
          <reporter-output>
          </reporter-output>
        </test-method> <!-- setup -->
        <test-method signature="VerifyLogin(java.lang.String,java.lang.String)[pri:0, instance:com.project.testcases.TC_01@650eab8]" started-at="2024-12-12T22:31:20 IST" name="VerifyLogin" data-provider="getlogindetails" finished-at="2024-12-12T22:31:21 IST" duration-ms="950" status="PASS">
          <params>
            <param index="0">
              <value>
                <![CDATA[standard_user]]>
              </value>
            </param>
            <param index="1">
              <value>
                <![CDATA[secret_sauce]]>
              </value>
            </param>
          </params>
          <reporter-output>
          </reporter-output>
        </test-method> <!-- VerifyLogin -->
        <test-method signature="VerifyLogin(java.lang.String,java.lang.String)[pri:0, instance:com.project.testcases.TC_01@650eab8]" started-at="2024-12-12T22:31:21 IST" name="VerifyLogin" data-provider="getlogindetails" finished-at="2024-12-12T22:31:21 IST" duration-ms="706" status="PASS">
          <params>
            <param index="0">
              <value>
                <![CDATA[problem_user]]>
              </value>
            </param>
            <param index="1">
              <value>
                <![CDATA[secret_sauce]]>
              </value>
            </param>
          </params>
          <reporter-output>
          </reporter-output>
        </test-method> <!-- VerifyLogin -->
        <test-method signature="VerifyLogin(java.lang.String,java.lang.String)[pri:0, instance:com.project.testcases.TC_01@650eab8]" started-at="2024-12-12T22:31:21 IST" name="VerifyLogin" data-provider="getlogindetails" finished-at="2024-12-12T22:31:22 IST" duration-ms="621" status="PASS">
          <params>
            <param index="0">
              <value>
                <![CDATA[standard_user]]>
              </value>
            </param>
            <param index="1">
              <value>
                <![CDATA[secret_sauce]]>
              </value>
            </param>
          </params>
          <reporter-output>
          </reporter-output>
        </test-method> <!-- VerifyLogin -->
      </class> <!-- com.project.testcases.TC_01 -->
    </test> <!-- Default test -->
  </suite> <!-- Default suite -->
</testng-results>
